c:\users\ormisicl\desktop\projects\vmultiplayer\gui\x64\release\vc120.pdb
c:\users\ormisicl\desktop\projects\vmultiplayer\gui\x64\release\main.obj
c:\users\ormisicl\desktop\projects\vmultiplayer\gui\x64\release\guitext.obj
c:\users\ormisicl\desktop\projects\vmultiplayer\gui\x64\release\guielement.obj
c:\users\ormisicl\desktop\projects\vmultiplayer\gui\x64\release\gui.obj
c:\users\ormisicl\desktop\projects\vmultiplayer\gui\x64\release\sharedutility.obj
c:\users\ormisicl\desktop\projects\vmultiplayer\gui\x64\release\logger.obj
c:\users\ormisicl\desktop\projects\vmultiplayer\gui\x64\release\guieditbox.obj
c:\users\ormisicl\desktop\projects\vmultiplayer\gui\x64\release\guiwindow.obj
c:\users\ormisicl\desktop\projects\vmultiplayer\gui\x64\release\guibutton.obj
c:\users\ormisicl\desktop\projects\vmultiplayer\bin\vmultiplayergui.lib
c:\users\ormisicl\desktop\projects\vmultiplayer\bin\vmultiplayergui.exp
c:\users\ormisicl\desktop\projects\vmultiplayer\bin\vmultiplayergui.dll
c:\users\ormisicl\desktop\projects\vmultiplayer\bin\vmultiplayergui.pdb
c:\users\ormisicl\desktop\projects\vmultiplayer\gui\x64\release\gui.tlog\cl.command.1.tlog
c:\users\ormisicl\desktop\projects\vmultiplayer\gui\x64\release\gui.tlog\cl.read.1.tlog
c:\users\ormisicl\desktop\projects\vmultiplayer\gui\x64\release\gui.tlog\cl.write.1.tlog
c:\users\ormisicl\desktop\projects\vmultiplayer\gui\x64\release\gui.tlog\gui.write.1u.tlog
c:\users\ormisicl\desktop\projects\vmultiplayer\gui\x64\release\gui.tlog\link.command.1.tlog
c:\users\ormisicl\desktop\projects\vmultiplayer\gui\x64\release\gui.tlog\link.read.1.tlog
c:\users\ormisicl\desktop\projects\vmultiplayer\gui\x64\release\gui.tlog\link.write.1.tlog
